2023-04-01 23:41:52,197 INFO [restartedMain] org.springframework.boot.StartupInfoLogger: Starting ProjetApplication using Java 19.0.2 on DESKTOP-Q38KIFV with PID 2548 (C:\Users\Nadine Ziedi\Desktop\pfe\rest_api\rest_api\target\classes started by Nadine Ziedi in C:\Users\Nadine Ziedi\Desktop\pfe\rest_api)
2023-04-01 23:41:52,207 INFO [restartedMain] org.springframework.boot.SpringApplication: No active profile set, falling back to default profiles: default
2023-04-01 23:41:52,257 INFO [restartedMain] org.springframework.boot.logging.DeferredLog: Devtools property defaults active! Set 'spring.devtools.add-properties' to 'false' to disable
2023-04-01 23:41:52,258 INFO [restartedMain] org.springframework.boot.logging.DeferredLog: For additional web related logging consider setting the 'logging.level.web' property to 'DEBUG'
2023-04-01 23:41:52,851 INFO [restartedMain] org.springframework.data.repository.config.RepositoryConfigurationDelegate: Bootstrapping Spring Data JPA repositories in DEFAULT mode.
2023-04-01 23:41:52,926 INFO [restartedMain] org.springframework.data.repository.config.RepositoryConfigurationDelegate: Finished Spring Data repository scanning in 64 ms. Found 4 JPA repository interfaces.
2023-04-01 23:41:53,625 INFO [restartedMain] org.springframework.boot.web.embedded.tomcat.TomcatWebServer: Tomcat initialized with port(s): 8080 (http)
2023-04-01 23:41:53,648 INFO [restartedMain] org.apache.juli.logging.DirectJDKLog: Initializing ProtocolHandler ["http-nio-8080"]
2023-04-01 23:41:53,649 INFO [restartedMain] org.apache.juli.logging.DirectJDKLog: Starting service [Tomcat]
2023-04-01 23:41:53,650 INFO [restartedMain] org.apache.juli.logging.DirectJDKLog: Starting Servlet engine: [Apache Tomcat/9.0.55]
2023-04-01 23:41:53,721 INFO [restartedMain] org.apache.juli.logging.DirectJDKLog: Initializing Spring embedded WebApplicationContext
2023-04-01 23:41:53,723 INFO [restartedMain] org.springframework.boot.web.servlet.context.ServletWebServerApplicationContext: Root WebApplicationContext: initialization completed in 1462 ms
2023-04-01 23:41:53,836 WARN [restartedMain] org.springframework.context.support.AbstractApplicationContext: Exception encountered during context initialization - cancelling refresh attempt: org.springframework.beans.factory.UnsatisfiedDependencyException: Error creating bean with name 'dataSourceScriptDatabaseInitializer' defined in class path resource [org/springframework/boot/autoconfigure/sql/init/DataSourceInitializationConfiguration.class]: Unsatisfied dependency expressed through method 'dataSourceScriptDatabaseInitializer' parameter 0; nested exception is org.springframework.beans.factory.BeanCreationException: Error creating bean with name 'dataSource' defined in class path resource [org/springframework/boot/autoconfigure/jdbc/DataSourceConfiguration$Hikari.class]: Bean instantiation via factory method failed; nested exception is org.springframework.beans.BeanInstantiationException: Failed to instantiate [com.zaxxer.hikari.HikariDataSource]: Factory method 'dataSource' threw exception; nested exception is org.springframework.boot.autoconfigure.jdbc.DataSourceProperties$DataSourceBeanCreationException: Failed to determine a suitable driver class
2023-04-01 23:41:53,842 INFO [restartedMain] org.apache.juli.logging.DirectJDKLog: Stopping service [Tomcat]
2023-04-01 23:41:53,866 INFO [restartedMain] org.springframework.boot.autoconfigure.logging.ConditionEvaluationReportLoggingListener: 

Error starting ApplicationContext. To display the conditions report re-run your application with 'debug' enabled.
2023-04-01 23:41:53,892 ERROR [restartedMain] org.springframework.boot.diagnostics.LoggingFailureAnalysisReporter: 

***************************
APPLICATION FAILED TO START
***************************

Description:

Failed to configure a DataSource: 'url' attribute is not specified and no embedded datasource could be configured.

Reason: Failed to determine a suitable driver class


Action:

Consider the following:
	If you want an embedded database (H2, HSQL or Derby), please put it on the classpath.
	If you have database settings to be loaded from a particular profile you may need to activate it (no profiles are currently active).

